{"/Users/dkunin/Projects/test-sandbox/lib/index.js":{"path":"/Users/dkunin/Projects/test-sandbox/lib/index.js","s":{"1":1},"b":{},"f":{},"fnMap":{},"statementMap":{"1":{"start":{"line":1,"column":0},"end":{"line":5,"column":2}}},"branchMap":{}},"/Users/dkunin/Projects/test-sandbox/lib/summ.js":{"path":"/Users/dkunin/Projects/test-sandbox/lib/summ.js","s":{"1":1,"2":2,"3":1,"4":1},"b":{"1":[1,1]},"f":{"1":2},"fnMap":{"1":{"name":"summ","line":1,"loc":{"start":{"line":1,"column":17},"end":{"line":1,"column":37}}}},"statementMap":{"1":{"start":{"line":1,"column":0},"end":{"line":6,"column":2}},"2":{"start":{"line":2,"column":4},"end":{"line":4,"column":5}},"3":{"start":{"line":3,"column":8},"end":{"line":3,"column":17}},"4":{"start":{"line":5,"column":4},"end":{"line":5,"column":17}}},"branchMap":{"1":{"line":2,"type":"if","locations":[{"start":{"line":2,"column":4},"end":{"line":2,"column":4}},{"start":{"line":2,"column":4},"end":{"line":2,"column":4}}]}}},"/Users/dkunin/Projects/test-sandbox/lib/divide.js":{"path":"/Users/dkunin/Projects/test-sandbox/lib/divide.js","s":{"1":1,"2":3,"3":1,"4":2,"5":0,"6":2},"b":{"1":[1,2],"2":[0,2]},"f":{"1":3},"fnMap":{"1":{"name":"divide","line":1,"loc":{"start":{"line":1,"column":17},"end":{"line":1,"column":39}}}},"statementMap":{"1":{"start":{"line":1,"column":0},"end":{"line":9,"column":2}},"2":{"start":{"line":2,"column":4},"end":{"line":4,"column":5}},"3":{"start":{"line":3,"column":8},"end":{"line":3,"column":17}},"4":{"start":{"line":5,"column":4},"end":{"line":7,"column":5}},"5":{"start":{"line":6,"column":8},"end":{"line":6,"column":49}},"6":{"start":{"line":8,"column":4},"end":{"line":8,"column":17}}},"branchMap":{"1":{"line":2,"type":"if","locations":[{"start":{"line":2,"column":4},"end":{"line":2,"column":4}},{"start":{"line":2,"column":4},"end":{"line":2,"column":4}}]},"2":{"line":5,"type":"if","locations":[{"start":{"line":5,"column":4},"end":{"line":5,"column":4}},{"start":{"line":5,"column":4},"end":{"line":5,"column":4}}]}}}}