TN:
SF:/Users/dkunin/Projects/test-sandbox/lib/index.js
FNF:0
FNH:0
DA:1,1
LF:1
LH:1
BRF:0
BRH:0
end_of_record
TN:
SF:/Users/dkunin/Projects/test-sandbox/lib/summ.js
FN:1,summ
FNF:1
FNH:1
FNDA:2,summ
DA:1,1
DA:2,2
DA:3,1
DA:5,1
LF:4
LH:4
BRDA:2,1,0,1
BRDA:2,1,1,1
BRF:2
BRH:2
end_of_record
TN:
SF:/Users/dkunin/Projects/test-sandbox/lib/divide.js
FN:1,divide
FNF:1
FNH:1
FNDA:3,divide
DA:1,1
DA:2,3
DA:3,1
DA:5,2
DA:6,0
DA:8,2
LF:6
LH:5
BRDA:2,1,0,1
BRDA:2,1,1,2
BRDA:5,2,0,0
BRDA:5,2,1,2
BRF:4
BRH:3
end_of_record
